-----TI-REX started at Mon Apr 09 2018 09:19:11 GMT-0400 (Eastern Daylight Time)
Mon, 09 Apr 2018 13:19:11 GMT connect deprecated methodOverride: use method-override npm module instead at app.js:540:21
",
        "family": "IPv4",
        "mac": "00:50:56:c0:00:01",
        "internal": false
    }
]
2018-04-09T13:19:11.395Z INFO DAEMON dinfra - [
    "multiple candidate address ignored",
    "Wi-Fi",
    {
        "address": "192.168.229.1",
        "netmask": "255.255.255.0",
        "family": "IPv4",
        "mac": "00:50:56:c0:00:01",
        "internal": false
    }
]
-----TI-REX started at Mon Apr 09 2018 09:19:11 GMT-0400 (Eastern Daylight Time)
TIREX server listening on port 55432
removing old log file tirex-2018-04-03.log
