
**** Build of configuration Debug for project blinkled_io ****

"C:\\ti\\ccsv7\\utils\\bin\\gmake" -k -j 8 all -O 
 
'Building file: "../system.c"'
'Invoking: MSP430 Compiler'
"C:/ti/ccsv7/tools/compiler/ti-cgt-msp430_16.9.6.LTS/bin/cl430" -vmspx --data_model=restricted --use_hw_mpy=F5 --include_path="C:/ti/ccsv7/ccs_base/msp430/include" --include_path="C:/Code file/c-code/msp430/blinkled_io" --include_path="C:/ti/ccsv7/tools/compiler/ti-cgt-msp430_16.9.6.LTS/include" --advice:power=all --advice:hw_config=all --define=__MSP430FR5969__ --define=_MPU_ENABLE -g --printf_support=minimal --diag_warning=225 --diag_wrap=off --display_error_number --silicon_errata=CPU21 --silicon_errata=CPU22 --silicon_errata=CPU40 --preproc_with_compile --preproc_dependency="system.d_raw"  "../system.c"

>> Compilation failure
subdir_rules.mk:23: recipe for target 'system.obj' failed
"../system.c", line 19: error #20: identifier "BCSCTL1" is undefined
"../system.c", line 22: error #20: identifier "IFG1" is undefined
"../system.c", line 25: error #20: identifier "IFG1" is undefined
"../system.c", line 27: error #20: identifier "XT2OFF" is undefined
"../system.c", line 29: error #20: identifier "BCSCTL2" is undefined
"../system.c", line 30: error #20: identifier "SELS" is undefined
"../system.c", line 18: remark #1535-D: (ULP 8.1) variable "time" is used as a constant. Recommend declaring variable as either 'static const' or 'const'
6 errors detected in the compilation of "../system.c".
gmake: *** [system.obj] Error 1
'Building file: "../led.c"'
'Invoking: MSP430 Compiler'
"C:/ti/ccsv7/tools/compiler/ti-cgt-msp430_16.9.6.LTS/bin/cl430" -vmspx --data_model=restricted --use_hw_mpy=F5 --include_path="C:/ti/ccsv7/ccs_base/msp430/include" --include_path="C:/Code file/c-code/msp430/blinkled_io" --include_path="C:/ti/ccsv7/tools/compiler/ti-cgt-msp430_16.9.6.LTS/include" --advice:power=all --advice:hw_config=all --define=__MSP430FR5969__ --define=_MPU_ENABLE -g --printf_support=minimal --diag_warning=225 --diag_wrap=off --display_error_number --silicon_errata=CPU21 --silicon_errata=CPU22 --silicon_errata=CPU40 --preproc_with_compile --preproc_dependency="led.d_raw"  "../led.c"
'Finished building: "../led.c"'
 
'Building file: "../main.c"'
'Invoking: MSP430 Compiler'
"C:/ti/ccsv7/tools/compiler/ti-cgt-msp430_16.9.6.LTS/bin/cl430" -vmspx --data_model=restricted --use_hw_mpy=F5 --include_path="C:/ti/ccsv7/ccs_base/msp430/include" --include_path="C:/Code file/c-code/msp430/blinkled_io" --include_path="C:/ti/ccsv7/tools/compiler/ti-cgt-msp430_16.9.6.LTS/include" --advice:power=all --advice:hw_config=all --define=__MSP430FR5969__ --define=_MPU_ENABLE -g --printf_support=minimal --diag_warning=225 --diag_wrap=off --display_error_number --silicon_errata=CPU21 --silicon_errata=CPU22 --silicon_errata=CPU40 --preproc_with_compile --preproc_dependency="main.d_raw"  "../main.c"
"../main.c", line 15: warning #225-D: function "Led_Init" declared implicitly
'Finished building: "../main.c"'
 
gmake: Target 'all' not remade because of errors.

**** Build Finished ****
