
**** Build of configuration Debug for project OutOfBox_MSP430FR5969 ****

"C:\\ti\\ccsv7\\utils\\bin\\gmake" -k -j 8 all -O 
 
'Building file: "../FRAMLogMode.c"'
'Invoking: MSP430 Compiler'
"C:/ti/ccsv7/tools/compiler/ti-cgt-msp430_16.9.6.LTS/bin/cl430" -vmspx --data_model=restricted --use_hw_mpy=F5 --include_path="C:/ti/ccsv7/ccs_base/msp430/include" --include_path="C:/Code file/c-code/msp430/OutOfBox_MSP430FR5969" --include_path="C:/Code file/c-code/msp430/OutOfBox_MSP430FR5969/driverlib/MSP430FR5xx_6xx" --include_path="C:/ti/ccsv7/tools/compiler/ti-cgt-msp430_16.9.6.LTS/include" --advice:power="all" --advice:hw_config=all --define=__MSP430FR5969__ --define=_MPU_ENABLE -g --printf_support=minimal --diag_warning=225 --diag_wrap=off --display_error_number --silicon_errata=CPU21 --silicon_errata=CPU22 --silicon_errata=CPU40 --preproc_with_compile --preproc_dependency="FRAMLogMode.d_raw"  "../FRAMLogMode.c"
"../FRAMLogMode.c", line 94: remark #1546-D: (ULP 15.1) Detected consecutive bitfield assigns. Recommend using bit mask instead
"../FRAMLogMode.c", line 95: remark #1546-D: (ULP 15.1) Detected consecutive bitfield assigns. Recommend using bit mask instead
"../FRAMLogMode.c", line 96: remark #1546-D: (ULP 15.1) Detected consecutive bitfield assigns. Recommend using bit mask instead
"../FRAMLogMode.c", line 97: remark #1546-D: (ULP 15.1) Detected consecutive bitfield assigns. Recommend using bit mask instead
"../FRAMLogMode.c", line 120: remark #1546-D: (ULP 15.1) Detected consecutive bitfield assigns. Recommend using bit mask instead
"../FRAMLogMode.c", line 121: remark #1546-D: (ULP 15.1) Detected consecutive bitfield assigns. Recommend using bit mask instead
"../FRAMLogMode.c", line 123: remark #1546-D: (ULP 15.1) Detected consecutive bitfield assigns. Recommend using bit mask instead
"../FRAMLogMode.c", line 124: remark #1546-D: (ULP 15.1) Detected consecutive bitfield assigns. Recommend using bit mask instead
"../FRAMLogMode.c", line 126: remark #1546-D: (ULP 15.1) Detected consecutive bitfield assigns. Recommend using bit mask instead
"../FRAMLogMode.c", line 140: remark #1546-D: (ULP 15.1) Detected consecutive bitfield assigns. Recommend using bit mask instead
"../FRAMLogMode.c", line 141: remark #1546-D: (ULP 15.1) Detected consecutive bitfield assigns. Recommend using bit mask instead
"../FRAMLogMode.c", line 143: remark #1546-D: (ULP 15.1) Detected consecutive bitfield assigns. Recommend using bit mask instead
"../FRAMLogMode.c", line 144: remark #1546-D: (ULP 15.1) Detected consecutive bitfield assigns. Recommend using bit mask instead
"../FRAMLogMode.c", line 146: remark #1546-D: (ULP 15.1) Detected consecutive bitfield assigns. Recommend using bit mask instead
"../FRAMLogMode.c", line 163: remark #1527-D: (ULP 2.1) Detected SW delay loop using empty loop. Recommend using a timer module instead
"../FRAMLogMode.c", line 171: remark #1546-D: (ULP 15.1) Detected consecutive bitfield assigns. Recommend using bit mask instead
"../FRAMLogMode.c", line 172: remark #1546-D: (ULP 15.1) Detected consecutive bitfield assigns. Recommend using bit mask instead
"../FRAMLogMode.c", line 173: remark #1546-D: (ULP 15.1) Detected consecutive bitfield assigns. Recommend using bit mask instead
"../FRAMLogMode.c", line 174: remark #1546-D: (ULP 15.1) Detected consecutive bitfield assigns. Recommend using bit mask instead
"../FRAMLogMode.c", line 176: remark #1546-D: (ULP 15.1) Detected consecutive bitfield assigns. Recommend using bit mask instead
"../FRAMLogMode.c", line 177: remark #1546-D: (ULP 15.1) Detected consecutive bitfield assigns. Recommend using bit mask instead
"../FRAMLogMode.c", line 214: remark #1530-D: (ULP 5.1) Detected divide operation(s). Recommend moving them to RAM during run time or not using as these are processing/power intensive
"../FRAMLogMode.c", line 217: remark #1527-D: (ULP 2.1) Detected SW delay loop using __delay_cycles. Recommend using a timer module instead
"../FRAMLogMode.c", line 245: remark #1527-D: (ULP 2.1) Detected SW delay loop using __delay_cycles. Recommend using a timer module instead
"../FRAMLogMode.c", line 251: remark #1527-D: (ULP 2.1) Detected SW delay loop using __delay_cycles. Recommend using a timer module instead
"../FRAMLogMode.c", line 261: remark #1527-D: (ULP 2.1) Detected SW delay loop using __delay_cycles. Recommend using a timer module instead
"../FRAMLogMode.c", line 269: remark #1527-D: (ULP 2.1) Detected SW delay loop using __delay_cycles. Recommend using a timer module instead
'Finished building: "../FRAMLogMode.c"'
 
'Building file: "../LiveTempMode.c"'
'Invoking: MSP430 Compiler'
"C:/ti/ccsv7/tools/compiler/ti-cgt-msp430_16.9.6.LTS/bin/cl430" -vmspx --data_model=restricted --use_hw_mpy=F5 --include_path="C:/ti/ccsv7/ccs_base/msp430/include" --include_path="C:/Code file/c-code/msp430/OutOfBox_MSP430FR5969" --include_path="C:/Code file/c-code/msp430/OutOfBox_MSP430FR5969/driverlib/MSP430FR5xx_6xx" --include_path="C:/ti/ccsv7/tools/compiler/ti-cgt-msp430_16.9.6.LTS/include" --advice:power="all" --advice:hw_config=all --define=__MSP430FR5969__ --define=_MPU_ENABLE -g --printf_support=minimal --diag_warning=225 --diag_wrap=off --display_error_number --silicon_errata=CPU21 --silicon_errata=CPU22 --silicon_errata=CPU40 --preproc_with_compile --preproc_dependency="LiveTempMode.d_raw"  "../LiveTempMode.c"
"../LiveTempMode.c", line 149: remark #1528-D: (ULP 3.1) Detected flag polling using EUSCI_A_UART_BUSY. Recommend using an interrupt combined with enter LPMx and ISR
"../LiveTempMode.c", line 59: remark #1546-D: (ULP 15.1) Detected consecutive bitfield assigns. Recommend using bit mask instead
"../LiveTempMode.c", line 60: remark #1546-D: (ULP 15.1) Detected consecutive bitfield assigns. Recommend using bit mask instead
"../LiveTempMode.c", line 61: remark #1546-D: (ULP 15.1) Detected consecutive bitfield assigns. Recommend using bit mask instead
"../LiveTempMode.c", line 62: remark #1546-D: (ULP 15.1) Detected consecutive bitfield assigns. Recommend using bit mask instead
"../LiveTempMode.c", line 85: remark #1546-D: (ULP 15.1) Detected consecutive bitfield assigns. Recommend using bit mask instead
"../LiveTempMode.c", line 86: remark #1546-D: (ULP 15.1) Detected consecutive bitfield assigns. Recommend using bit mask instead
"../LiveTempMode.c", line 87: remark #1546-D: (ULP 15.1) Detected consecutive bitfield assigns. Recommend using bit mask instead
"../LiveTempMode.c", line 88: remark #1546-D: (ULP 15.1) Detected consecutive bitfield assigns. Recommend using bit mask instead
"../LiveTempMode.c", line 89: remark #1546-D: (ULP 15.1) Detected consecutive bitfield assigns. Recommend using bit mask instead
"../LiveTempMode.c", line 100: remark #1527-D: (ULP 2.1) Detected SW delay loop using empty loop. Recommend using a timer module instead
"../LiveTempMode.c", line 108: remark #1546-D: (ULP 15.1) Detected consecutive bitfield assigns. Recommend using bit mask instead
"../LiveTempMode.c", line 109: remark #1546-D: (ULP 15.1) Detected consecutive bitfield assigns. Recommend using bit mask instead
"../LiveTempMode.c", line 110: remark #1546-D: (ULP 15.1) Detected consecutive bitfield assigns. Recommend using bit mask instead
"../LiveTempMode.c", line 111: remark #1546-D: (ULP 15.1) Detected consecutive bitfield assigns. Recommend using bit mask instead
"../LiveTempMode.c", line 112: remark #1546-D: (ULP 15.1) Detected consecutive bitfield assigns. Recommend using bit mask instead
"../LiveTempMode.c", line 113: remark #1546-D: (ULP 15.1) Detected consecutive bitfield assigns. Recommend using bit mask instead
'Finished building: "../LiveTempMode.c"'
 
'Building file: "../main.c"'
'Invoking: MSP430 Compiler'
"C:/ti/ccsv7/tools/compiler/ti-cgt-msp430_16.9.6.LTS/bin/cl430" -vmspx --data_model=restricted --use_hw_mpy=F5 --include_path="C:/ti/ccsv7/ccs_base/msp430/include" --include_path="C:/Code file/c-code/msp430/OutOfBox_MSP430FR5969" --include_path="C:/Code file/c-code/msp430/OutOfBox_MSP430FR5969/driverlib/MSP430FR5xx_6xx" --include_path="C:/ti/ccsv7/tools/compiler/ti-cgt-msp430_16.9.6.LTS/include" --advice:power="all" --advice:hw_config=all --define=__MSP430FR5969__ --define=_MPU_ENABLE -g --printf_support=minimal --diag_warning=225 --diag_wrap=off --display_error_number --silicon_errata=CPU21 --silicon_errata=CPU22 --silicon_errata=CPU40 --preproc_with_compile --preproc_dependency="main.d_raw"  "../main.c"
"../main.c", line 92: remark #1527-D: (ULP 2.1) Detected SW delay loop using __delay_cycles. Recommend using a timer module instead
"../main.c", line 110: remark #1544-D: (ULP 13.1) Detected loop counting up. Recommend loops count down as detecting zeros is easier
"../main.c", line 113: remark #1527-D: (ULP 2.1) Detected SW delay loop using __delay_cycles. Recommend using a timer module instead
"../main.c", line 130: remark #1527-D: (ULP 2.1) Detected SW delay loop using __delay_cycles. Recommend using a timer module instead
"../main.c", line 139: remark #1527-D: (ULP 2.1) Detected SW delay loop using __delay_cycles. Recommend using a timer module instead
"../main.c", line 152: remark #1544-D: (ULP 13.1) Detected loop counting up. Recommend loops count down as detecting zeros is easier
"../main.c", line 154: remark #1527-D: (ULP 2.1) Detected SW delay loop using __delay_cycles. Recommend using a timer module instead
"../main.c", line 156: remark #1527-D: (ULP 2.1) Detected SW delay loop using __delay_cycles. Recommend using a timer module instead
"../main.c", line 110: remark #1544-D: (ULP 13.1) Detected loop counting up. Recommend loops count down as detecting zeros is easier
"../main.c", line 113: remark #1527-D: (ULP 2.1) Detected SW delay loop using __delay_cycles. Recommend using a timer module instead
"../main.c", line 139: remark #1527-D: (ULP 2.1) Detected SW delay loop using __delay_cycles. Recommend using a timer module instead
"../main.c", line 152: remark #1544-D: (ULP 13.1) Detected loop counting up. Recommend loops count down as detecting zeros is easier
"../main.c", line 154: remark #1527-D: (ULP 2.1) Detected SW delay loop using __delay_cycles. Recommend using a timer module instead
"../main.c", line 156: remark #1527-D: (ULP 2.1) Detected SW delay loop using __delay_cycles. Recommend using a timer module instead
"../main.c", line 235: remark #1546-D: (ULP 15.1) Detected consecutive bitfield assigns. Recommend using bit mask instead
"../main.c", line 236: remark #1546-D: (ULP 15.1) Detected consecutive bitfield assigns. Recommend using bit mask instead
"../main.c", line 237: remark #1546-D: (ULP 15.1) Detected consecutive bitfield assigns. Recommend using bit mask instead
"../main.c", line 238: remark #1546-D: (ULP 15.1) Detected consecutive bitfield assigns. Recommend using bit mask instead
"../main.c", line 239: remark #1546-D: (ULP 15.1) Detected consecutive bitfield assigns. Recommend using bit mask instead
"../main.c", line 240: remark #1546-D: (ULP 15.1) Detected consecutive bitfield assigns. Recommend using bit mask instead
"../main.c", line 241: remark #1546-D: (ULP 15.1) Detected consecutive bitfield assigns. Recommend using bit mask instead
"../main.c", line 242: remark #1546-D: (ULP 15.1) Detected consecutive bitfield assigns. Recommend using bit mask instead
"../main.c", line 266: remark #1546-D: (ULP 15.1) Detected consecutive bitfield assigns. Recommend using bit mask instead
"../main.c", line 267: remark #1546-D: (ULP 15.1) Detected consecutive bitfield assigns. Recommend using bit mask instead
"../main.c", line 268: remark #1546-D: (ULP 15.1) Detected consecutive bitfield assigns. Recommend using bit mask instead
"../main.c", line 269: remark #1546-D: (ULP 15.1) Detected consecutive bitfield assigns. Recommend using bit mask instead
"../main.c", line 270: remark #1546-D: (ULP 15.1) Detected consecutive bitfield assigns. Recommend using bit mask instead
"../main.c", line 271: remark #1546-D: (ULP 15.1) Detected consecutive bitfield assigns. Recommend using bit mask instead
"../main.c", line 310: remark #1528-D: (ULP 3.1) Detected flag polling using EUSCI_A_UART_BUSY. Recommend using an interrupt combined with enter LPMx and ISR
"../main.c", line 305: remark #1527-D: (ULP 2.1) Detected SW delay loop using __delay_cycles. Recommend using a timer module instead
"../main.c", line 324: remark #1544-D: (ULP 13.1) Detected loop counting up. Recommend loops count down as detecting zeros is easier
"../main.c", line 325: remark #1527-D: (ULP 2.1) Detected SW delay loop using __delay_cycles. Recommend using a timer module instead
"../main.c", line 326: remark #2553-D: (ULP 14.1) Array index (involving "i") of type "int". Recommend using "unsigned int"
"../main.c", line 344: remark #1528-D: (ULP 3.1) Detected flag polling using EUSCI_A_UART_BUSY. Recommend using an interrupt combined with enter LPMx and ISR
"../main.c", line 379: remark #1538-D: (ULP 10.1) ISR USCI_A0_ISR calls function EUSCI_A_UART_receiveData. Recommend moving function call away from ISR, or inlining the function, or using pragmas
"../main.c", line 49: remark #1535-D: (ULP 8.1) variable "RXData" is used as a constant. Recommend declaring variable as either 'static const' or 'const'
'Finished building: "../main.c"'
 
'Building file: "../driverlib/MSP430FR5xx_6xx/adc12_b.c"'
'Invoking: MSP430 Compiler'
"C:/ti/ccsv7/tools/compiler/ti-cgt-msp430_16.9.6.LTS/bin/cl430" -vmspx --data_model=restricted --use_hw_mpy=F5 --include_path="C:/ti/ccsv7/ccs_base/msp430/include" --include_path="C:/Code file/c-code/msp430/OutOfBox_MSP430FR5969" --include_path="C:/Code file/c-code/msp430/OutOfBox_MSP430FR5969/driverlib/MSP430FR5xx_6xx" --include_path="C:/ti/ccsv7/tools/compiler/ti-cgt-msp430_16.9.6.LTS/include" --advice:power="all" --advice:hw_config=all --define=__MSP430FR5969__ --define=_MPU_ENABLE -g --printf_support=minimal --diag_warning=225 --diag_wrap=off --display_error_number --silicon_errata=CPU21 --silicon_errata=CPU22 --silicon_errata=CPU40 --preproc_with_compile --preproc_dependency="driverlib/MSP430FR5xx_6xx/adc12_b.d_raw" --obj_directory="driverlib/MSP430FR5xx_6xx"  "../driverlib/MSP430FR5xx_6xx/adc12_b.c"
"../driverlib/MSP430FR5xx_6xx/adc12_b.c", line 59: remark #1535-D: (ULP 8.1) variable "retVal" is used as a constant. Recommend declaring variable as either 'static const' or 'const'
"../driverlib/MSP430FR5xx_6xx/adc12_b.c", line 228: remark #1527-D: (ULP 2.1) Detected SW delay loop using empty loop. Recommend using a timer module instead
'Finished building: "../driverlib/MSP430FR5xx_6xx/adc12_b.c"'
 
'Building file: "../driverlib/MSP430FR5xx_6xx/aes256.c"'
'Invoking: MSP430 Compiler'
"C:/ti/ccsv7/tools/compiler/ti-cgt-msp430_16.9.6.LTS/bin/cl430" -vmspx --data_model=restricted --use_hw_mpy=F5 --include_path="C:/ti/ccsv7/ccs_base/msp430/include" --include_path="C:/Code file/c-code/msp430/OutOfBox_MSP430FR5969" --include_path="C:/Code file/c-code/msp430/OutOfBox_MSP430FR5969/driverlib/MSP430FR5xx_6xx" --include_path="C:/ti/ccsv7/tools/compiler/ti-cgt-msp430_16.9.6.LTS/include" --advice:power="all" --advice:hw_config=all --define=__MSP430FR5969__ --define=_MPU_ENABLE -g --printf_support=minimal --diag_warning=225 --diag_wrap=off --display_error_number --silicon_errata=CPU21 --silicon_errata=CPU22 --silicon_errata=CPU40 --preproc_with_compile --preproc_dependency="driverlib/MSP430FR5xx_6xx/aes256.d_raw" --obj_directory="driverlib/MSP430FR5xx_6xx"  "../driverlib/MSP430FR5xx_6xx/aes256.c"
"../driverlib/MSP430FR5xx_6xx/aes256.c", line 80: remark #1530-D: (ULP 5.1) Detected divide operation(s). Recommend moving them to RAM during run time or not using as these are processing/power intensive
"../driverlib/MSP430FR5xx_6xx/aes256.c", line 85: remark #2553-D: (ULP 14.1) Array index (involving "i") of type "int". Recommend using "unsigned int"
"../driverlib/MSP430FR5xx_6xx/aes256.c", line 90: remark #1527-D: (ULP 2.1) Detected SW delay loop using empty loop. Recommend using a timer module instead
"../driverlib/MSP430FR5xx_6xx/aes256.c", line 121: remark #1528-D: (ULP 3.1) Detected flag polling using AESBUSY. Recommend using an interrupt combined with enter LPMx and ISR
"../driverlib/MSP430FR5xx_6xx/aes256.c", line 112: remark #2553-D: (ULP 14.1) Array index (involving "i") of type "int". Recommend using "unsigned int"
"../driverlib/MSP430FR5xx_6xx/aes256.c", line 159: remark #1528-D: (ULP 3.1) Detected flag polling using AESBUSY. Recommend using an interrupt combined with enter LPMx and ISR
"../driverlib/MSP430FR5xx_6xx/aes256.c", line 149: remark #2553-D: (ULP 14.1) Array index (involving "i") of type "int". Recommend using "unsigned int"
"../driverlib/MSP430FR5xx_6xx/aes256.c", line 213: remark #1528-D: (ULP 3.1) Detected flag polling using AESBUSY. Recommend using an interrupt combined with enter LPMx and ISR
"../driverlib/MSP430FR5xx_6xx/aes256.c", line 202: remark #1530-D: (ULP 5.1) Detected divide operation(s). Recommend moving them to RAM during run time or not using as these are processing/power intensive
"../driverlib/MSP430FR5xx_6xx/aes256.c", line 208: remark #2553-D: (ULP 14.1) Array index (involving "i") of type "int". Recommend using "unsigned int"
"../driverlib/MSP430FR5xx_6xx/aes256.c", line 259: remark #2553-D: (ULP 14.1) Array index (involving "i") of type "int". Recommend using "unsigned int"
"../driverlib/MSP430FR5xx_6xx/aes256.c", line 280: remark #2553-D: (ULP 14.1) Array index (involving "i") of type "int". Recommend using "unsigned int"
"../driverlib/MSP430FR5xx_6xx/aes256.c", line 318: remark #1530-D: (ULP 5.1) Detected divide operation(s). Recommend moving them to RAM during run time or not using as these are processing/power intensive
"../driverlib/MSP430FR5xx_6xx/aes256.c", line 324: remark #2553-D: (ULP 14.1) Array index (involving "i") of type "int". Recommend using "unsigned int"
'Finished building: "../driverlib/MSP430FR5xx_6xx/aes256.c"'
 
'Building file: "../driverlib/MSP430FR5xx_6xx/comp_e.c"'
'Invoking: MSP430 Compiler'
"C:/ti/ccsv7/tools/compiler/ti-cgt-msp430_16.9.6.LTS/bin/cl430" -vmspx --data_model=restricted --use_hw_mpy=F5 --include_path="C:/ti/ccsv7/ccs_base/msp430/include" --include_path="C:/Code file/c-code/msp430/OutOfBox_MSP430FR5969" --include_path="C:/Code file/c-code/msp430/OutOfBox_MSP430FR5969/driverlib/MSP430FR5xx_6xx" --include_path="C:/ti/ccsv7/tools/compiler/ti-cgt-msp430_16.9.6.LTS/include" --advice:power="all" --advice:hw_config=all --define=__MSP430FR5969__ --define=_MPU_ENABLE -g --printf_support=minimal --diag_warning=225 --diag_wrap=off --display_error_number --silicon_errata=CPU21 --silicon_errata=CPU22 --silicon_errata=CPU40 --preproc_with_compile --preproc_dependency="driverlib/MSP430FR5xx_6xx/comp_e.d_raw" --obj_directory="driverlib/MSP430FR5xx_6xx"  "../driverlib/MSP430FR5xx_6xx/comp_e.c"
"../driverlib/MSP430FR5xx_6xx/comp_e.c", line 103: remark #1535-D: (ULP 8.1) variable "retVal" is used as a constant. Recommend declaring variable as either 'static const' or 'const'
'Finished building: "../driverlib/MSP430FR5xx_6xx/comp_e.c"'
 
'Building file: "../driverlib/MSP430FR5xx_6xx/crc.c"'
'Invoking: MSP430 Compiler'
"C:/ti/ccsv7/tools/compiler/ti-cgt-msp430_16.9.6.LTS/bin/cl430" -vmspx --data_model=restricted --use_hw_mpy=F5 --include_path="C:/ti/ccsv7/ccs_base/msp430/include" --include_path="C:/Code file/c-code/msp430/OutOfBox_MSP430FR5969" --include_path="C:/Code file/c-code/msp430/OutOfBox_MSP430FR5969/driverlib/MSP430FR5xx_6xx" --include_path="C:/ti/ccsv7/tools/compiler/ti-cgt-msp430_16.9.6.LTS/include" --advice:power="all" --advice:hw_config=all --define=__MSP430FR5969__ --define=_MPU_ENABLE -g --printf_support=minimal --diag_warning=225 --diag_wrap=off --display_error_number --silicon_errata=CPU21 --silicon_errata=CPU22 --silicon_errata=CPU40 --preproc_with_compile --preproc_dependency="driverlib/MSP430FR5xx_6xx/crc.d_raw" --obj_directory="driverlib/MSP430FR5xx_6xx"  "../driverlib/MSP430FR5xx_6xx/crc.c"
'Finished building: "../driverlib/MSP430FR5xx_6xx/crc.c"'
 
'Building file: "../driverlib/MSP430FR5xx_6xx/crc32.c"'
'Invoking: MSP430 Compiler'
"C:/ti/ccsv7/tools/compiler/ti-cgt-msp430_16.9.6.LTS/bin/cl430" -vmspx --data_model=restricted --use_hw_mpy=F5 --include_path="C:/ti/ccsv7/ccs_base/msp430/include" --include_path="C:/Code file/c-code/msp430/OutOfBox_MSP430FR5969" --include_path="C:/Code file/c-code/msp430/OutOfBox_MSP430FR5969/driverlib/MSP430FR5xx_6xx" --include_path="C:/ti/ccsv7/tools/compiler/ti-cgt-msp430_16.9.6.LTS/include" --advice:power="all" --advice:hw_config=all --define=__MSP430FR5969__ --define=_MPU_ENABLE -g --printf_support=minimal --diag_warning=225 --diag_wrap=off --display_error_number --silicon_errata=CPU21 --silicon_errata=CPU22 --silicon_errata=CPU40 --preproc_with_compile --preproc_dependency="driverlib/MSP430FR5xx_6xx/crc32.d_raw" --obj_directory="driverlib/MSP430FR5xx_6xx"  "../driverlib/MSP430FR5xx_6xx/crc32.c"
'Finished building: "../driverlib/MSP430FR5xx_6xx/crc32.c"'
 
'Building file: "../driverlib/MSP430FR5xx_6xx/dma.c"'
'Invoking: MSP430 Compiler'
"C:/ti/ccsv7/tools/compiler/ti-cgt-msp430_16.9.6.LTS/bin/cl430" -vmspx --data_model=restricted --use_hw_mpy=F5 --include_path="C:/ti/ccsv7/ccs_base/msp430/include" --include_path="C:/Code file/c-code/msp430/OutOfBox_MSP430FR5969" --include_path="C:/Code file/c-code/msp430/OutOfBox_MSP430FR5969/driverlib/MSP430FR5xx_6xx" --include_path="C:/ti/ccsv7/tools/compiler/ti-cgt-msp430_16.9.6.LTS/include" --advice:power="all" --advice:hw_config=all --define=__MSP430FR5969__ --define=_MPU_ENABLE -g --printf_support=minimal --diag_warning=225 --diag_wrap=off --display_error_number --silicon_errata=CPU21 --silicon_errata=CPU22 --silicon_errata=CPU40 --preproc_with_compile --preproc_dependency="driverlib/MSP430FR5xx_6xx/dma.d_raw" --obj_directory="driverlib/MSP430FR5xx_6xx"  "../driverlib/MSP430FR5xx_6xx/dma.c"
'Finished building: "../driverlib/MSP430FR5xx_6xx/dma.c"'
 
'Building file: "../driverlib/MSP430FR5xx_6xx/cs.c"'
'Invoking: MSP430 Compiler'
"C:/ti/ccsv7/tools/compiler/ti-cgt-msp430_16.9.6.LTS/bin/cl430" -vmspx --data_model=restricted --use_hw_mpy=F5 --include_path="C:/ti/ccsv7/ccs_base/msp430/include" --include_path="C:/Code file/c-code/msp430/OutOfBox_MSP430FR5969" --include_path="C:/Code file/c-code/msp430/OutOfBox_MSP430FR5969/driverlib/MSP430FR5xx_6xx" --include_path="C:/ti/ccsv7/tools/compiler/ti-cgt-msp430_16.9.6.LTS/include" --advice:power="all" --advice:hw_config=all --define=__MSP430FR5969__ --define=_MPU_ENABLE -g --printf_support=minimal --diag_warning=225 --diag_wrap=off --display_error_number --silicon_errata=CPU21 --silicon_errata=CPU22 --silicon_errata=CPU40 --preproc_with_compile --preproc_dependency="driverlib/MSP430FR5xx_6xx/cs.d_raw" --obj_directory="driverlib/MSP430FR5xx_6xx"  "../driverlib/MSP430FR5xx_6xx/cs.c"
"../driverlib/MSP430FR5xx_6xx/cs.c", line 121: remark #1530-D: (ULP 5.1) Detected divide operation(s). Recommend moving them to RAM during run time or not using as these are processing/power intensive
"../driverlib/MSP430FR5xx_6xx/cs.c", line 124: remark #1530-D: (ULP 5.1) Detected divide operation(s). Recommend moving them to RAM during run time or not using as these are processing/power intensive
"../driverlib/MSP430FR5xx_6xx/cs.c", line 127: remark #1530-D: (ULP 5.1) Detected divide operation(s). Recommend moving them to RAM during run time or not using as these are processing/power intensive
"../driverlib/MSP430FR5xx_6xx/cs.c", line 130: remark #1530-D: (ULP 5.1) Detected divide operation(s). Recommend moving them to RAM during run time or not using as these are processing/power intensive
"../driverlib/MSP430FR5xx_6xx/cs.c", line 133: remark #1530-D: (ULP 5.1) Detected divide operation(s). Recommend moving them to RAM during run time or not using as these are processing/power intensive
"../driverlib/MSP430FR5xx_6xx/cs.c", line 136: remark #1530-D: (ULP 5.1) Detected divide operation(s). Recommend moving them to RAM during run time or not using as these are processing/power intensive
"../driverlib/MSP430FR5xx_6xx/cs.c", line 140: remark #1530-D: (ULP 5.1) Detected divide operation(s). Recommend moving them to RAM during run time or not using as these are processing/power intensive
"../driverlib/MSP430FR5xx_6xx/cs.c", line 151: remark #1530-D: (ULP 5.1) Detected divide operation(s). Recommend moving them to RAM during run time or not using as these are processing/power intensive
"../driverlib/MSP430FR5xx_6xx/cs.c", line 154: remark #1530-D: (ULP 5.1) Detected divide operation(s). Recommend moving them to RAM during run time or not using as these are processing/power intensive
"../driverlib/MSP430FR5xx_6xx/cs.c", line 157: remark #1530-D: (ULP 5.1) Detected divide operation(s). Recommend moving them to RAM during run time or not using as these are processing/power intensive
"../driverlib/MSP430FR5xx_6xx/cs.c", line 160: remark #1530-D: (ULP 5.1) Detected divide operation(s). Recommend moving them to RAM during run time or not using as these are processing/power intensive
"../driverlib/MSP430FR5xx_6xx/cs.c", line 163: remark #1530-D: (ULP 5.1) Detected divide operation(s). Recommend moving them to RAM during run time or not using as these are processing/power intensive
"../driverlib/MSP430FR5xx_6xx/cs.c", line 166: remark #1530-D: (ULP 5.1) Detected divide operation(s). Recommend moving them to RAM during run time or not using as these are processing/power intensive
"../driverlib/MSP430FR5xx_6xx/cs.c", line 170: remark #1530-D: (ULP 5.1) Detected divide operation(s). Recommend moving them to RAM during run time or not using as these are processing/power intensive
"../driverlib/MSP430FR5xx_6xx/cs.c", line 189: remark #1544-D: (ULP 13.1) Detected loop counting up. Recommend loops count down as detecting zeros is easier
"../driverlib/MSP430FR5xx_6xx/cs.c", line 200: remark #1530-D: (ULP 5.1) Detected divide operation(s). Recommend moving them to RAM during run time or not using as these are processing/power intensive
"../driverlib/MSP430FR5xx_6xx/cs.c", line 220: remark #1530-D: (ULP 5.1) Detected divide operation(s). Recommend moving them to RAM during run time or not using as these are processing/power intensive
"../driverlib/MSP430FR5xx_6xx/cs.c", line 225: remark #1530-D: (ULP 5.1) Detected divide operation(s). Recommend moving them to RAM during run time or not using as these are processing/power intensive
"../driverlib/MSP430FR5xx_6xx/cs.c", line 235: remark #1530-D: (ULP 5.1) Detected divide operation(s). Recommend moving them to RAM during run time or not using as these are processing/power intensive
"../driverlib/MSP430FR5xx_6xx/cs.c", line 240: remark #1530-D: (ULP 5.1) Detected divide operation(s). Recommend moving them to RAM during run time or not using as these are processing/power intensive
'Finished building: "../driverlib/MSP430FR5xx_6xx/cs.c"'
 
'Building file: "../driverlib/MSP430FR5xx_6xx/esi.c"'
'Invoking: MSP430 Compiler'
"C:/ti/ccsv7/tools/compiler/ti-cgt-msp430_16.9.6.LTS/bin/cl430" -vmspx --data_model=restricted --use_hw_mpy=F5 --include_path="C:/ti/ccsv7/ccs_base/msp430/include" --include_path="C:/Code file/c-code/msp430/OutOfBox_MSP430FR5969" --include_path="C:/Code file/c-code/msp430/OutOfBox_MSP430FR5969/driverlib/MSP430FR5xx_6xx" --include_path="C:/ti/ccsv7/tools/compiler/ti-cgt-msp430_16.9.6.LTS/include" --advice:power="all" --advice:hw_config=all --define=__MSP430FR5969__ --define=_MPU_ENABLE -g --printf_support=minimal --diag_warning=225 --diag_wrap=off --display_error_number --silicon_errata=CPU21 --silicon_errata=CPU22 --silicon_errata=CPU40 --preproc_with_compile --preproc_dependency="driverlib/MSP430FR5xx_6xx/esi.d_raw" --obj_directory="driverlib/MSP430FR5xx_6xx"  "../driverlib/MSP430FR5xx_6xx/esi.c"
'Finished building: "../driverlib/MSP430FR5xx_6xx/esi.c"'
 
'Building file: "../driverlib/MSP430FR5xx_6xx/eusci_a_spi.c"'
'Invoking: MSP430 Compiler'
"C:/ti/ccsv7/tools/compiler/ti-cgt-msp430_16.9.6.LTS/bin/cl430" -vmspx --data_model=restricted --use_hw_mpy=F5 --include_path="C:/ti/ccsv7/ccs_base/msp430/include" --include_path="C:/Code file/c-code/msp430/OutOfBox_MSP430FR5969" --include_path="C:/Code file/c-code/msp430/OutOfBox_MSP430FR5969/driverlib/MSP430FR5xx_6xx" --include_path="C:/ti/ccsv7/tools/compiler/ti-cgt-msp430_16.9.6.LTS/include" --advice:power="all" --advice:hw_config=all --define=__MSP430FR5969__ --define=_MPU_ENABLE -g --printf_support=minimal --diag_warning=225 --diag_wrap=off --display_error_number --silicon_errata=CPU21 --silicon_errata=CPU22 --silicon_errata=CPU40 --preproc_with_compile --preproc_dependency="driverlib/MSP430FR5xx_6xx/eusci_a_spi.d_raw" --obj_directory="driverlib/MSP430FR5xx_6xx"  "../driverlib/MSP430FR5xx_6xx/eusci_a_spi.c"
"../driverlib/MSP430FR5xx_6xx/eusci_a_spi.c", line 70: remark #1530-D: (ULP 5.1) Detected divide operation(s). Recommend moving them to RAM during run time or not using as these are processing/power intensive
"../driverlib/MSP430FR5xx_6xx/eusci_a_spi.c", line 105: remark #1530-D: (ULP 5.1) Detected divide operation(s). Recommend moving them to RAM during run time or not using as these are processing/power intensive
'Finished building: "../driverlib/MSP430FR5xx_6xx/eusci_a_spi.c"'
 
'Building file: "../driverlib/MSP430FR5xx_6xx/eusci_a_uart.c"'
'Invoking: MSP430 Compiler'
"C:/ti/ccsv7/tools/compiler/ti-cgt-msp430_16.9.6.LTS/bin/cl430" -vmspx --data_model=restricted --use_hw_mpy=F5 --include_path="C:/ti/ccsv7/ccs_base/msp430/include" --include_path="C:/Code file/c-code/msp430/OutOfBox_MSP430FR5969" --include_path="C:/Code file/c-code/msp430/OutOfBox_MSP430FR5969/driverlib/MSP430FR5xx_6xx" --include_path="C:/ti/ccsv7/tools/compiler/ti-cgt-msp430_16.9.6.LTS/include" --advice:power="all" --advice:hw_config=all --define=__MSP430FR5969__ --define=_MPU_ENABLE -g --printf_support=minimal --diag_warning=225 --diag_wrap=off --display_error_number --silicon_errata=CPU21 --silicon_errata=CPU22 --silicon_errata=CPU40 --preproc_with_compile --preproc_dependency="driverlib/MSP430FR5xx_6xx/eusci_a_uart.d_raw" --obj_directory="driverlib/MSP430FR5xx_6xx"  "../driverlib/MSP430FR5xx_6xx/eusci_a_uart.c"
"../driverlib/MSP430FR5xx_6xx/eusci_a_uart.c", line 56: remark #1535-D: (ULP 8.1) variable "retVal" is used as a constant. Recommend declaring variable as either 'static const' or 'const'
"../driverlib/MSP430FR5xx_6xx/eusci_a_uart.c", line 122: remark #1528-D: (ULP 3.1) Detected flag polling using UCTXIFG. Recommend using an interrupt combined with enter LPMx and ISR
"../driverlib/MSP430FR5xx_6xx/eusci_a_uart.c", line 137: remark #1528-D: (ULP 3.1) Detected flag polling using UCRXIFG. Recommend using an interrupt combined with enter LPMx and ISR
"../driverlib/MSP430FR5xx_6xx/eusci_a_uart.c", line 252: remark #1528-D: (ULP 3.1) Detected flag polling using UCTXIFG. Recommend using an interrupt combined with enter LPMx and ISR
'Finished building: "../driverlib/MSP430FR5xx_6xx/eusci_a_uart.c"'
 
'Building file: "../driverlib/MSP430FR5xx_6xx/eusci_b_i2c.c"'
'Invoking: MSP430 Compiler'
"C:/ti/ccsv7/tools/compiler/ti-cgt-msp430_16.9.6.LTS/bin/cl430" -vmspx --data_model=restricted --use_hw_mpy=F5 --include_path="C:/ti/ccsv7/ccs_base/msp430/include" --include_path="C:/Code file/c-code/msp430/OutOfBox_MSP430FR5969" --include_path="C:/Code file/c-code/msp430/OutOfBox_MSP430FR5969/driverlib/MSP430FR5xx_6xx" --include_path="C:/ti/ccsv7/tools/compiler/ti-cgt-msp430_16.9.6.LTS/include" --advice:power="all" --advice:hw_config=all --define=__MSP430FR5969__ --define=_MPU_ENABLE -g --printf_support=minimal --diag_warning=225 --diag_wrap=off --display_error_number --silicon_errata=CPU21 --silicon_errata=CPU22 --silicon_errata=CPU40 --preproc_with_compile --preproc_dependency="driverlib/MSP430FR5xx_6xx/eusci_b_i2c.d_raw" --obj_directory="driverlib/MSP430FR5xx_6xx"  "../driverlib/MSP430FR5xx_6xx/eusci_b_i2c.c"
"../driverlib/MSP430FR5xx_6xx/eusci_b_i2c.c", line 85: remark #1530-D: (ULP 5.1) Detected divide operation(s). Recommend moving them to RAM during run time or not using as these are processing/power intensive
"../driverlib/MSP430FR5xx_6xx/eusci_b_i2c.c", line 208: remark #1528-D: (ULP 3.1) Detected flag polling using UCTXIFG. Recommend using an interrupt combined with enter LPMx and ISR
"../driverlib/MSP430FR5xx_6xx/eusci_b_i2c.c", line 217: remark #1528-D: (ULP 3.1) Detected flag polling using UCTXIFG. Recommend using an interrupt combined with enter LPMx and ISR
"../driverlib/MSP430FR5xx_6xx/eusci_b_i2c.c", line 241: remark #1528-D: (ULP 3.1) Detected flag polling using UCRXIFG. Recommend using an interrupt combined with enter LPMx and ISR
"../driverlib/MSP430FR5xx_6xx/eusci_b_i2c.c", line 267: remark #1528-D: (ULP 3.1) Detected flag polling using UCTXIFG. Recommend using an interrupt combined with enter LPMx and ISR
"../driverlib/MSP430FR5xx_6xx/eusci_b_i2c.c", line 282: remark #1528-D: (ULP 3.1) Detected flag polling using UCTXIFG. Recommend using an interrupt combined with enter LPMx and ISR
"../driverlib/MSP430FR5xx_6xx/eusci_b_i2c.c", line 318: remark #1528-D: (ULP 3.1) Detected flag polling using UCTXIFG. Recommend using an interrupt combined with enter LPMx and ISR
"../driverlib/MSP430FR5xx_6xx/eusci_b_i2c.c", line 344: remark #1528-D: (ULP 3.1) Detected flag polling using UCTXIFG. Recommend using an interrupt combined with enter LPMx and ISR
"../driverlib/MSP430FR5xx_6xx/eusci_b_i2c.c", line 371: remark #1528-D: (ULP 3.1) Detected flag polling using UCTXIFG. Recommend using an interrupt combined with enter LPMx and ISR
"../driverlib/MSP430FR5xx_6xx/eusci_b_i2c.c", line 389: remark #1528-D: (ULP 3.1) Detected flag polling using UCTXIFG. Recommend using an interrupt combined with enter LPMx and ISR
"../driverlib/MSP430FR5xx_6xx/eusci_b_i2c.c", line 414: remark #1528-D: (ULP 3.1) Detected flag polling using UCTXIFG. Recommend using an interrupt combined with enter LPMx and ISR
"../driverlib/MSP430FR5xx_6xx/eusci_b_i2c.c", line 424: remark #1528-D: (ULP 3.1) Detected flag polling using UCTXIFG. Recommend using an interrupt combined with enter LPMx and ISR
"../driverlib/MSP430FR5xx_6xx/eusci_b_i2c.c", line 443: remark #1528-D: (ULP 3.1) Detected flag polling using UCTXIFG. Recommend using an interrupt combined with enter LPMx and ISR
"../driverlib/MSP430FR5xx_6xx/eusci_b_i2c.c", line 459: remark #1528-D: (ULP 3.1) Detected flag polling using UCTXIFG. Recommend using an interrupt combined with enter LPMx and ISR
"../driverlib/MSP430FR5xx_6xx/eusci_b_i2c.c", line 487: remark #1528-D: (ULP 3.1) Detected flag polling using UCTXIFG. Recommend using an interrupt combined with enter LPMx and ISR
"../driverlib/MSP430FR5xx_6xx/eusci_b_i2c.c", line 504: remark #1528-D: (ULP 3.1) Detected flag polling using UCTXIFG. Recommend using an interrupt combined with enter LPMx and ISR
"../driverlib/MSP430FR5xx_6xx/eusci_b_i2c.c", line 544: remark #1528-D: (ULP 3.1) Detected flag polling using UCRXIFG. Recommend using an interrupt combined with enter LPMx and ISR
"../driverlib/MSP430FR5xx_6xx/eusci_b_i2c.c", line 541: remark #1527-D: (ULP 2.1) Detected SW delay loop using empty loop. Recommend using a timer module instead
"../driverlib/MSP430FR5xx_6xx/eusci_b_i2c.c", line 577: remark #1528-D: (ULP 3.1) Detected flag polling using UCRXIFG. Recommend using an interrupt combined with enter LPMx and ISR
"../driverlib/MSP430FR5xx_6xx/eusci_b_i2c.c", line 565: remark #1527-D: (ULP 2.1) Detected SW delay loop using empty loop. Recommend using a timer module instead
"../driverlib/MSP430FR5xx_6xx/eusci_b_i2c.c", line 618: remark #1528-D: (ULP 3.1) Detected flag polling using UCRXIFG0. Recommend using an interrupt combined with enter LPMx and ISR
'Finished building: "../driverlib/MSP430FR5xx_6xx/eusci_b_i2c.c"'
 
'Building file: "../driverlib/MSP430FR5xx_6xx/eusci_b_spi.c"'
'Invoking: MSP430 Compiler'
"C:/ti/ccsv7/tools/compiler/ti-cgt-msp430_16.9.6.LTS/bin/cl430" -vmspx --data_model=restricted --use_hw_mpy=F5 --include_path="C:/ti/ccsv7/ccs_base/msp430/include" --include_path="C:/Code file/c-code/msp430/OutOfBox_MSP430FR5969" --include_path="C:/Code file/c-code/msp430/OutOfBox_MSP430FR5969/driverlib/MSP430FR5xx_6xx" --include_path="C:/ti/ccsv7/tools/compiler/ti-cgt-msp430_16.9.6.LTS/include" --advice:power="all" --advice:hw_config=all --define=__MSP430FR5969__ --define=_MPU_ENABLE -g --printf_support=minimal --diag_warning=225 --diag_wrap=off --display_error_number --silicon_errata=CPU21 --silicon_errata=CPU22 --silicon_errata=CPU40 --preproc_with_compile --preproc_dependency="driverlib/MSP430FR5xx_6xx/eusci_b_spi.d_raw" --obj_directory="driverlib/MSP430FR5xx_6xx"  "../driverlib/MSP430FR5xx_6xx/eusci_b_spi.c"
"../driverlib/MSP430FR5xx_6xx/eusci_b_spi.c", line 70: remark #1530-D: (ULP 5.1) Detected divide operation(s). Recommend moving them to RAM during run time or not using as these are processing/power intensive
"../driverlib/MSP430FR5xx_6xx/eusci_b_spi.c", line 103: remark #1530-D: (ULP 5.1) Detected divide operation(s). Recommend moving them to RAM during run time or not using as these are processing/power intensive
'Finished building: "../driverlib/MSP430FR5xx_6xx/eusci_b_spi.c"'
 
'Building file: "../driverlib/MSP430FR5xx_6xx/framctl.c"'
'Invoking: MSP430 Compiler'
"C:/ti/ccsv7/tools/compiler/ti-cgt-msp430_16.9.6.LTS/bin/cl430" -vmspx --data_model=restricted --use_hw_mpy=F5 --include_path="C:/ti/ccsv7/ccs_base/msp430/include" --include_path="C:/Code file/c-code/msp430/OutOfBox_MSP430FR5969" --include_path="C:/Code file/c-code/msp430/OutOfBox_MSP430FR5969/driverlib/MSP430FR5xx_6xx" --include_path="C:/ti/ccsv7/tools/compiler/ti-cgt-msp430_16.9.6.LTS/include" --advice:power="all" --advice:hw_config=all --define=__MSP430FR5969__ --define=_MPU_ENABLE -g --printf_support=minimal --diag_warning=225 --diag_wrap=off --display_error_number --silicon_errata=CPU21 --silicon_errata=CPU22 --silicon_errata=CPU40 --preproc_with_compile --preproc_dependency="driverlib/MSP430FR5xx_6xx/framctl.d_raw" --obj_directory="driverlib/MSP430FR5xx_6xx"  "../driverlib/MSP430FR5xx_6xx/framctl.c"
'Finished building: "../driverlib/MSP430FR5xx_6xx/framctl.c"'
 
'Building file: "../driverlib/MSP430FR5xx_6xx/gpio.c"'
'Invoking: MSP430 Compiler'
"C:/ti/ccsv7/tools/compiler/ti-cgt-msp430_16.9.6.LTS/bin/cl430" -vmspx --data_model=restricted --use_hw_mpy=F5 --include_path="C:/ti/ccsv7/ccs_base/msp430/include" --include_path="C:/Code file/c-code/msp430/OutOfBox_MSP430FR5969" --include_path="C:/Code file/c-code/msp430/OutOfBox_MSP430FR5969/driverlib/MSP430FR5xx_6xx" --include_path="C:/ti/ccsv7/tools/compiler/ti-cgt-msp430_16.9.6.LTS/include" --advice:power="all" --advice:hw_config=all --define=__MSP430FR5969__ --define=_MPU_ENABLE -g --printf_support=minimal --diag_warning=225 --diag_wrap=off --display_error_number --silicon_errata=CPU21 --silicon_errata=CPU22 --silicon_errata=CPU40 --preproc_with_compile --preproc_dependency="driverlib/MSP430FR5xx_6xx/gpio.d_raw" --obj_directory="driverlib/MSP430FR5xx_6xx"  "../driverlib/MSP430FR5xx_6xx/gpio.c"
'Finished building: "../driverlib/MSP430FR5xx_6xx/gpio.c"'
 
'Building file: "../driverlib/MSP430FR5xx_6xx/lcd_c.c"'
'Invoking: MSP430 Compiler'
"C:/ti/ccsv7/tools/compiler/ti-cgt-msp430_16.9.6.LTS/bin/cl430" -vmspx --data_model=restricted --use_hw_mpy=F5 --include_path="C:/ti/ccsv7/ccs_base/msp430/include" --include_path="C:/Code file/c-code/msp430/OutOfBox_MSP430FR5969" --include_path="C:/Code file/c-code/msp430/OutOfBox_MSP430FR5969/driverlib/MSP430FR5xx_6xx" --include_path="C:/ti/ccsv7/tools/compiler/ti-cgt-msp430_16.9.6.LTS/include" --advice:power="all" --advice:hw_config=all --define=__MSP430FR5969__ --define=_MPU_ENABLE -g --printf_support=minimal --diag_warning=225 --diag_wrap=off --display_error_number --silicon_errata=CPU21 --silicon_errata=CPU22 --silicon_errata=CPU40 --preproc_with_compile --preproc_dependency="driverlib/MSP430FR5xx_6xx/lcd_c.d_raw" --obj_directory="driverlib/MSP430FR5xx_6xx"  "../driverlib/MSP430FR5xx_6xx/lcd_c.c"
'Finished building: "../driverlib/MSP430FR5xx_6xx/lcd_c.c"'
 
'Building file: "../driverlib/MSP430FR5xx_6xx/mpu.c"'
'Invoking: MSP430 Compiler'
"C:/ti/ccsv7/tools/compiler/ti-cgt-msp430_16.9.6.LTS/bin/cl430" -vmspx --data_model=restricted --use_hw_mpy=F5 --include_path="C:/ti/ccsv7/ccs_base/msp430/include" --include_path="C:/Code file/c-code/msp430/OutOfBox_MSP430FR5969" --include_path="C:/Code file/c-code/msp430/OutOfBox_MSP430FR5969/driverlib/MSP430FR5xx_6xx" --include_path="C:/ti/ccsv7/tools/compiler/ti-cgt-msp430_16.9.6.LTS/include" --advice:power="all" --advice:hw_config=all --define=__MSP430FR5969__ --define=_MPU_ENABLE -g --printf_support=minimal --diag_warning=225 --diag_wrap=off --display_error_number --silicon_errata=CPU21 --silicon_errata=CPU22 --silicon_errata=CPU40 --preproc_with_compile --preproc_dependency="driverlib/MSP430FR5xx_6xx/mpu.d_raw" --obj_directory="driverlib/MSP430FR5xx_6xx"  "../driverlib/MSP430FR5xx_6xx/mpu.c"
'Finished building: "../driverlib/MSP430FR5xx_6xx/mpu.c"'
 
'Building file: "../driverlib/MSP430FR5xx_6xx/mpy32.c"'
'Invoking: MSP430 Compiler'
"C:/ti/ccsv7/tools/compiler/ti-cgt-msp430_16.9.6.LTS/bin/cl430" -vmspx --data_model=restricted --use_hw_mpy=F5 --include_path="C:/ti/ccsv7/ccs_base/msp430/include" --include_path="C:/Code file/c-code/msp430/OutOfBox_MSP430FR5969" --include_path="C:/Code file/c-code/msp430/OutOfBox_MSP430FR5969/driverlib/MSP430FR5xx_6xx" --include_path="C:/ti/ccsv7/tools/compiler/ti-cgt-msp430_16.9.6.LTS/include" --advice:power="all" --advice:hw_config=all --define=__MSP430FR5969__ --define=_MPU_ENABLE -g --printf_support=minimal --diag_warning=225 --diag_wrap=off --display_error_number --silicon_errata=CPU21 --silicon_errata=CPU22 --silicon_errata=CPU40 --preproc_with_compile --preproc_dependency="driverlib/MSP430FR5xx_6xx/mpy32.d_raw" --obj_directory="driverlib/MSP430FR5xx_6xx"  "../driverlib/MSP430FR5xx_6xx/mpy32.c"
'Finished building: "../driverlib/MSP430FR5xx_6xx/mpy32.c"'
 
'Building file: "../driverlib/MSP430FR5xx_6xx/pmm.c"'
'Invoking: MSP430 Compiler'
"C:/ti/ccsv7/tools/compiler/ti-cgt-msp430_16.9.6.LTS/bin/cl430" -vmspx --data_model=restricted --use_hw_mpy=F5 --include_path="C:/ti/ccsv7/ccs_base/msp430/include" --include_path="C:/Code file/c-code/msp430/OutOfBox_MSP430FR5969" --include_path="C:/Code file/c-code/msp430/OutOfBox_MSP430FR5969/driverlib/MSP430FR5xx_6xx" --include_path="C:/ti/ccsv7/tools/compiler/ti-cgt-msp430_16.9.6.LTS/include" --advice:power="all" --advice:hw_config=all --define=__MSP430FR5969__ --define=_MPU_ENABLE -g --printf_support=minimal --diag_warning=225 --diag_wrap=off --display_error_number --silicon_errata=CPU21 --silicon_errata=CPU22 --silicon_errata=CPU40 --preproc_with_compile --preproc_dependency="driverlib/MSP430FR5xx_6xx/pmm.d_raw" --obj_directory="driverlib/MSP430FR5xx_6xx"  "../driverlib/MSP430FR5xx_6xx/pmm.c"
'Finished building: "../driverlib/MSP430FR5xx_6xx/pmm.c"'
 
'Building file: "../driverlib/MSP430FR5xx_6xx/ram.c"'
'Invoking: MSP430 Compiler'
"C:/ti/ccsv7/tools/compiler/ti-cgt-msp430_16.9.6.LTS/bin/cl430" -vmspx --data_model=restricted --use_hw_mpy=F5 --include_path="C:/ti/ccsv7/ccs_base/msp430/include" --include_path="C:/Code file/c-code/msp430/OutOfBox_MSP430FR5969" --include_path="C:/Code file/c-code/msp430/OutOfBox_MSP430FR5969/driverlib/MSP430FR5xx_6xx" --include_path="C:/ti/ccsv7/tools/compiler/ti-cgt-msp430_16.9.6.LTS/include" --advice:power="all" --advice:hw_config=all --define=__MSP430FR5969__ --define=_MPU_ENABLE -g --printf_support=minimal --diag_warning=225 --diag_wrap=off --display_error_number --silicon_errata=CPU21 --silicon_errata=CPU22 --silicon_errata=CPU40 --preproc_with_compile --preproc_dependency="driverlib/MSP430FR5xx_6xx/ram.d_raw" --obj_directory="driverlib/MSP430FR5xx_6xx"  "../driverlib/MSP430FR5xx_6xx/ram.c"
'Finished building: "../driverlib/MSP430FR5xx_6xx/ram.c"'
 
'Building file: "../driverlib/MSP430FR5xx_6xx/ref_a.c"'
'Invoking: MSP430 Compiler'
"C:/ti/ccsv7/tools/compiler/ti-cgt-msp430_16.9.6.LTS/bin/cl430" -vmspx --data_model=restricted --use_hw_mpy=F5 --include_path="C:/ti/ccsv7/ccs_base/msp430/include" --include_path="C:/Code file/c-code/msp430/OutOfBox_MSP430FR5969" --include_path="C:/Code file/c-code/msp430/OutOfBox_MSP430FR5969/driverlib/MSP430FR5xx_6xx" --include_path="C:/ti/ccsv7/tools/compiler/ti-cgt-msp430_16.9.6.LTS/include" --advice:power="all" --advice:hw_config=all --define=__MSP430FR5969__ --define=_MPU_ENABLE -g --printf_support=minimal --diag_warning=225 --diag_wrap=off --display_error_number --silicon_errata=CPU21 --silicon_errata=CPU22 --silicon_errata=CPU40 --preproc_with_compile --preproc_dependency="driverlib/MSP430FR5xx_6xx/ref_a.d_raw" --obj_directory="driverlib/MSP430FR5xx_6xx"  "../driverlib/MSP430FR5xx_6xx/ref_a.c"
'Finished building: "../driverlib/MSP430FR5xx_6xx/ref_a.c"'
 
'Building file: "../driverlib/MSP430FR5xx_6xx/rtc_b.c"'
'Invoking: MSP430 Compiler'
"C:/ti/ccsv7/tools/compiler/ti-cgt-msp430_16.9.6.LTS/bin/cl430" -vmspx --data_model=restricted --use_hw_mpy=F5 --include_path="C:/ti/ccsv7/ccs_base/msp430/include" --include_path="C:/Code file/c-code/msp430/OutOfBox_MSP430FR5969" --include_path="C:/Code file/c-code/msp430/OutOfBox_MSP430FR5969/driverlib/MSP430FR5xx_6xx" --include_path="C:/ti/ccsv7/tools/compiler/ti-cgt-msp430_16.9.6.LTS/include" --advice:power="all" --advice:hw_config=all --define=__MSP430FR5969__ --define=_MPU_ENABLE -g --printf_support=minimal --diag_warning=225 --diag_wrap=off --display_error_number --silicon_errata=CPU21 --silicon_errata=CPU22 --silicon_errata=CPU40 --preproc_with_compile --preproc_dependency="driverlib/MSP430FR5xx_6xx/rtc_b.d_raw" --obj_directory="driverlib/MSP430FR5xx_6xx"  "../driverlib/MSP430FR5xx_6xx/rtc_b.c"
"../driverlib/MSP430FR5xx_6xx/rtc_b.c", line 99: remark #1527-D: (ULP 2.1) Detected SW delay loop using empty loop. Recommend using a timer module instead
"../driverlib/MSP430FR5xx_6xx/rtc_b.c", line 105: remark #1546-D: (ULP 15.1) Detected consecutive bitfield assigns. Recommend using bit mask instead
"../driverlib/MSP430FR5xx_6xx/rtc_b.c", line 106: remark #1546-D: (ULP 15.1) Detected consecutive bitfield assigns. Recommend using bit mask instead
"../driverlib/MSP430FR5xx_6xx/rtc_b.c", line 107: remark #1546-D: (ULP 15.1) Detected consecutive bitfield assigns. Recommend using bit mask instead
"../driverlib/MSP430FR5xx_6xx/rtc_b.c", line 108: remark #1546-D: (ULP 15.1) Detected consecutive bitfield assigns. Recommend using bit mask instead
"../driverlib/MSP430FR5xx_6xx/rtc_b.c", line 109: remark #1546-D: (ULP 15.1) Detected consecutive bitfield assigns. Recommend using bit mask instead
"../driverlib/MSP430FR5xx_6xx/rtc_b.c", line 110: remark #1546-D: (ULP 15.1) Detected consecutive bitfield assigns. Recommend using bit mask instead
'Finished building: "../driverlib/MSP430FR5xx_6xx/rtc_b.c"'
 
'Building file: "../driverlib/MSP430FR5xx_6xx/rtc_c.c"'
'Invoking: MSP430 Compiler'
"C:/ti/ccsv7/tools/compiler/ti-cgt-msp430_16.9.6.LTS/bin/cl430" -vmspx --data_model=restricted --use_hw_mpy=F5 --include_path="C:/ti/ccsv7/ccs_base/msp430/include" --include_path="C:/Code file/c-code/msp430/OutOfBox_MSP430FR5969" --include_path="C:/Code file/c-code/msp430/OutOfBox_MSP430FR5969/driverlib/MSP430FR5xx_6xx" --include_path="C:/ti/ccsv7/tools/compiler/ti-cgt-msp430_16.9.6.LTS/include" --advice:power="all" --advice:hw_config=all --define=__MSP430FR5969__ --define=_MPU_ENABLE -g --printf_support=minimal --diag_warning=225 --diag_wrap=off --display_error_number --silicon_errata=CPU21 --silicon_errata=CPU22 --silicon_errata=CPU40 --preproc_with_compile --preproc_dependency="driverlib/MSP430FR5xx_6xx/rtc_c.d_raw" --obj_directory="driverlib/MSP430FR5xx_6xx"  "../driverlib/MSP430FR5xx_6xx/rtc_c.c"
'Finished building: "../driverlib/MSP430FR5xx_6xx/rtc_c.c"'
 
'Building file: "../driverlib/MSP430FR5xx_6xx/sfr.c"'
'Invoking: MSP430 Compiler'
"C:/ti/ccsv7/tools/compiler/ti-cgt-msp430_16.9.6.LTS/bin/cl430" -vmspx --data_model=restricted --use_hw_mpy=F5 --include_path="C:/ti/ccsv7/ccs_base/msp430/include" --include_path="C:/Code file/c-code/msp430/OutOfBox_MSP430FR5969" --include_path="C:/Code file/c-code/msp430/OutOfBox_MSP430FR5969/driverlib/MSP430FR5xx_6xx" --include_path="C:/ti/ccsv7/tools/compiler/ti-cgt-msp430_16.9.6.LTS/include" --advice:power="all" --advice:hw_config=all --define=__MSP430FR5969__ --define=_MPU_ENABLE -g --printf_support=minimal --diag_warning=225 --diag_wrap=off --display_error_number --silicon_errata=CPU21 --silicon_errata=CPU22 --silicon_errata=CPU40 --preproc_with_compile --preproc_dependency="driverlib/MSP430FR5xx_6xx/sfr.d_raw" --obj_directory="driverlib/MSP430FR5xx_6xx"  "../driverlib/MSP430FR5xx_6xx/sfr.c"
'Finished building: "../driverlib/MSP430FR5xx_6xx/sfr.c"'
 
'Building file: "../driverlib/MSP430FR5xx_6xx/sysctl.c"'
'Invoking: MSP430 Compiler'
"C:/ti/ccsv7/tools/compiler/ti-cgt-msp430_16.9.6.LTS/bin/cl430" -vmspx --data_model=restricted --use_hw_mpy=F5 --include_path="C:/ti/ccsv7/ccs_base/msp430/include" --include_path="C:/Code file/c-code/msp430/OutOfBox_MSP430FR5969" --include_path="C:/Code file/c-code/msp430/OutOfBox_MSP430FR5969/driverlib/MSP430FR5xx_6xx" --include_path="C:/ti/ccsv7/tools/compiler/ti-cgt-msp430_16.9.6.LTS/include" --advice:power="all" --advice:hw_config=all --define=__MSP430FR5969__ --define=_MPU_ENABLE -g --printf_support=minimal --diag_warning=225 --diag_wrap=off --display_error_number --silicon_errata=CPU21 --silicon_errata=CPU22 --silicon_errata=CPU40 --preproc_with_compile --preproc_dependency="driverlib/MSP430FR5xx_6xx/sysctl.d_raw" --obj_directory="driverlib/MSP430FR5xx_6xx"  "../driverlib/MSP430FR5xx_6xx/sysctl.c"
'Finished building: "../driverlib/MSP430FR5xx_6xx/sysctl.c"'
 
'Building file: "../driverlib/MSP430FR5xx_6xx/timer_a.c"'
'Invoking: MSP430 Compiler'
"C:/ti/ccsv7/tools/compiler/ti-cgt-msp430_16.9.6.LTS/bin/cl430" -vmspx --data_model=restricted --use_hw_mpy=F5 --include_path="C:/ti/ccsv7/ccs_base/msp430/include" --include_path="C:/Code file/c-code/msp430/OutOfBox_MSP430FR5969" --include_path="C:/Code file/c-code/msp430/OutOfBox_MSP430FR5969/driverlib/MSP430FR5xx_6xx" --include_path="C:/ti/ccsv7/tools/compiler/ti-cgt-msp430_16.9.6.LTS/include" --advice:power="all" --advice:hw_config=all --define=__MSP430FR5969__ --define=_MPU_ENABLE -g --printf_support=minimal --diag_warning=225 --diag_wrap=off --display_error_number --silicon_errata=CPU21 --silicon_errata=CPU22 --silicon_errata=CPU40 --preproc_with_compile --preproc_dependency="driverlib/MSP430FR5xx_6xx/timer_a.d_raw" --obj_directory="driverlib/MSP430FR5xx_6xx"  "../driverlib/MSP430FR5xx_6xx/timer_a.c"
'Finished building: "../driverlib/MSP430FR5xx_6xx/timer_a.c"'
 
'Building file: "../driverlib/MSP430FR5xx_6xx/timer_b.c"'
'Invoking: MSP430 Compiler'
"C:/ti/ccsv7/tools/compiler/ti-cgt-msp430_16.9.6.LTS/bin/cl430" -vmspx --data_model=restricted --use_hw_mpy=F5 --include_path="C:/ti/ccsv7/ccs_base/msp430/include" --include_path="C:/Code file/c-code/msp430/OutOfBox_MSP430FR5969" --include_path="C:/Code file/c-code/msp430/OutOfBox_MSP430FR5969/driverlib/MSP430FR5xx_6xx" --include_path="C:/ti/ccsv7/tools/compiler/ti-cgt-msp430_16.9.6.LTS/include" --advice:power="all" --advice:hw_config=all --define=__MSP430FR5969__ --define=_MPU_ENABLE -g --printf_support=minimal --diag_warning=225 --diag_wrap=off --display_error_number --silicon_errata=CPU21 --silicon_errata=CPU22 --silicon_errata=CPU40 --preproc_with_compile --preproc_dependency="driverlib/MSP430FR5xx_6xx/timer_b.d_raw" --obj_directory="driverlib/MSP430FR5xx_6xx"  "../driverlib/MSP430FR5xx_6xx/timer_b.c"
'Finished building: "../driverlib/MSP430FR5xx_6xx/timer_b.c"'
 
'Building file: "../driverlib/MSP430FR5xx_6xx/wdt_a.c"'
'Invoking: MSP430 Compiler'
"C:/ti/ccsv7/tools/compiler/ti-cgt-msp430_16.9.6.LTS/bin/cl430" -vmspx --data_model=restricted --use_hw_mpy=F5 --include_path="C:/ti/ccsv7/ccs_base/msp430/include" --include_path="C:/Code file/c-code/msp430/OutOfBox_MSP430FR5969" --include_path="C:/Code file/c-code/msp430/OutOfBox_MSP430FR5969/driverlib/MSP430FR5xx_6xx" --include_path="C:/ti/ccsv7/tools/compiler/ti-cgt-msp430_16.9.6.LTS/include" --advice:power="all" --advice:hw_config=all --define=__MSP430FR5969__ --define=_MPU_ENABLE -g --printf_support=minimal --diag_warning=225 --diag_wrap=off --display_error_number --silicon_errata=CPU21 --silicon_errata=CPU22 --silicon_errata=CPU40 --preproc_with_compile --preproc_dependency="driverlib/MSP430FR5xx_6xx/wdt_a.d_raw" --obj_directory="driverlib/MSP430FR5xx_6xx"  "../driverlib/MSP430FR5xx_6xx/wdt_a.c"
'Finished building: "../driverlib/MSP430FR5xx_6xx/wdt_a.c"'
 
'Building file: "../driverlib/MSP430FR5xx_6xx/tlv.c"'
'Invoking: MSP430 Compiler'
"C:/ti/ccsv7/tools/compiler/ti-cgt-msp430_16.9.6.LTS/bin/cl430" -vmspx --data_model=restricted --use_hw_mpy=F5 --include_path="C:/ti/ccsv7/ccs_base/msp430/include" --include_path="C:/Code file/c-code/msp430/OutOfBox_MSP430FR5969" --include_path="C:/Code file/c-code/msp430/OutOfBox_MSP430FR5969/driverlib/MSP430FR5xx_6xx" --include_path="C:/ti/ccsv7/tools/compiler/ti-cgt-msp430_16.9.6.LTS/include" --advice:power="all" --advice:hw_config=all --define=__MSP430FR5969__ --define=_MPU_ENABLE -g --printf_support=minimal --diag_warning=225 --diag_wrap=off --display_error_number --silicon_errata=CPU21 --silicon_errata=CPU22 --silicon_errata=CPU40 --preproc_with_compile --preproc_dependency="driverlib/MSP430FR5xx_6xx/tlv.d_raw" --obj_directory="driverlib/MSP430FR5xx_6xx"  "../driverlib/MSP430FR5xx_6xx/tlv.c"
'Finished building: "../driverlib/MSP430FR5xx_6xx/tlv.c"'
 
'Building target: "OutOfBox_MSP430FR5969.out"'
'Invoking: MSP430 Linker'
"C:/ti/ccsv7/tools/compiler/ti-cgt-msp430_16.9.6.LTS/bin/cl430" -vmspx --data_model=restricted --use_hw_mpy=F5 --advice:power="all" --advice:hw_config=all --define=__MSP430FR5969__ --define=_MPU_ENABLE -g --printf_support=minimal --diag_warning=225 --diag_wrap=off --display_error_number --silicon_errata=CPU21 --silicon_errata=CPU22 --silicon_errata=CPU40 -z -m"OutOfBox_MSP430FR5969.map" --heap_size=160 --stack_size=160 --cinit_hold_wdt=on -i"C:/ti/ccsv7/ccs_base/msp430/include" -i"C:/ti/ccsv7/ccs_base/msp430/lib/5xx_6xx_FRxx" -i"C:/ti/ccsv7/ccs_base/msp430/lib/FR59xx" -i"C:/ti/ccsv7/tools/compiler/ti-cgt-msp430_16.9.6.LTS/lib" -i"C:/ti/ccsv7/tools/compiler/ti-cgt-msp430_16.9.6.LTS/include" --priority --reread_libs --define=_MPU_ENABLE --diag_wrap=off --display_error_number --warn_sections --xml_link_info="OutOfBox_MSP430FR5969_linkInfo.xml" --use_hw_mpy=F5 --rom_model -o "OutOfBox_MSP430FR5969.out" "./FRAMLogMode.obj" "./LiveTempMode.obj" "./main.obj" "./driverlib/MSP430FR5xx_6xx/adc12_b.obj" "./driverlib/MSP430FR5xx_6xx/aes256.obj" "./driverlib/MSP430FR5xx_6xx/comp_e.obj" "./driverlib/MSP430FR5xx_6xx/crc.obj" "./driverlib/MSP430FR5xx_6xx/crc32.obj" "./driverlib/MSP430FR5xx_6xx/cs.obj" "./driverlib/MSP430FR5xx_6xx/dma.obj" "./driverlib/MSP430FR5xx_6xx/esi.obj" "./driverlib/MSP430FR5xx_6xx/eusci_a_spi.obj" "./driverlib/MSP430FR5xx_6xx/eusci_a_uart.obj" "./driverlib/MSP430FR5xx_6xx/eusci_b_i2c.obj" "./driverlib/MSP430FR5xx_6xx/eusci_b_spi.obj" "./driverlib/MSP430FR5xx_6xx/framctl.obj" "./driverlib/MSP430FR5xx_6xx/gpio.obj" "./driverlib/MSP430FR5xx_6xx/lcd_c.obj" "./driverlib/MSP430FR5xx_6xx/mpu.obj" "./driverlib/MSP430FR5xx_6xx/mpy32.obj" "./driverlib/MSP430FR5xx_6xx/pmm.obj" "./driverlib/MSP430FR5xx_6xx/ram.obj" "./driverlib/MSP430FR5xx_6xx/ref_a.obj" "./driverlib/MSP430FR5xx_6xx/rtc_b.obj" "./driverlib/MSP430FR5xx_6xx/rtc_c.obj" "./driverlib/MSP430FR5xx_6xx/sfr.obj" "./driverlib/MSP430FR5xx_6xx/sysctl.obj" "./driverlib/MSP430FR5xx_6xx/timer_a.obj" "./driverlib/MSP430FR5xx_6xx/timer_b.obj" "./driverlib/MSP430FR5xx_6xx/tlv.obj" "./driverlib/MSP430FR5xx_6xx/wdt_a.obj" "../lnk_msp430fr5969.cmd"  -llibmpu_init.a -llibmath.a -llibc.a 
<Linking>
remark #10372-D: (ULP 4.1) Detected uninitialized Port A in this project. Recommend initializing all unused ports to eliminate wasted current consumption on unused pins.
warning #10420-D: For FRAM devices, at start up, the GPIO power-on default high-impedance mode needs to be disabled to activate previously configured port settings. This can be done by clearing the LOCKLPM5 bit in PM5CTL0 register.
remark #10372-D: (ULP 4.1) Detected uninitialized Port B in this project. Recommend initializing all unused ports to eliminate wasted current consumption on unused pins.
'Finished building target: "OutOfBox_MSP430FR5969.out"'
 
'Building files: "OutOfBox_MSP430FR5969.out"'
'Invoking: MSP430 Hex Utility'
"C:/ti/ccsv7/tools/compiler/ti-cgt-msp430_16.9.6.LTS/bin/hex430" --memwidth=8 --romwidth=8 --ti_txt -o "OutOfBox_MSP430FR5969.txt"  "OutOfBox_MSP430FR5969.out" 
Translating to TI-TXT format...
   "OutOfBox_MSP430FR5969.out" .cinit ==> .cinit
   "OutOfBox_MSP430FR5969.out" .const ==> .const
   "OutOfBox_MSP430FR5969.out" .text ==> .text
   "OutOfBox_MSP430FR5969.out" AES256 ==> AES256
   "OutOfBox_MSP430FR5969.out" RTC ==> RTC
   "OutOfBox_MSP430FR5969.out" PORT4 ==> PORT4
   "OutOfBox_MSP430FR5969.out" PORT3 ==> PORT3
   "OutOfBox_MSP430FR5969.out" TIMER3_A1 ==> TIMER3_A1
   "OutOfBox_MSP430FR5969.out" TIMER3_A0 ==> TIMER3_A0
   "OutOfBox_MSP430FR5969.out" PORT2 ==> PORT2
   "OutOfBox_MSP430FR5969.out" TIMER2_A1 ==> TIMER2_A1
   "OutOfBox_MSP430FR5969.out" TIMER2_A0 ==> TIMER2_A0
   "OutOfBox_MSP430FR5969.out" PORT1 ==> PORT1
   "OutOfBox_MSP430FR5969.out" TIMER1_A1 ==> TIMER1_A1
   "OutOfBox_MSP430FR5969.out" TIMER1_A0 ==> TIMER1_A0
   "OutOfBox_MSP430FR5969.out" DMA ==> DMA
   "OutOfBox_MSP430FR5969.out" USCI_A1 ==> USCI_A1
   "OutOfBox_MSP430FR5969.out" TIMER0_A1 ==> TIMER0_A1
   "OutOfBox_MSP430FR5969.out" TIMER0_A0 ==> TIMER0_A0
   "OutOfBox_MSP430FR5969.out" ADC12 ==> ADC12
   "OutOfBox_MSP430FR5969.out" USCI_B0 ==> USCI_B0
   "OutOfBox_MSP430FR5969.out" USCI_A0 ==> USCI_A0
   "OutOfBox_MSP430FR5969.out" WDT ==> WDT
   "OutOfBox_MSP430FR5969.out" TIMER0_B1 ==> TIMER0_B1
   "OutOfBox_MSP430FR5969.out" TIMER0_B0 ==> TIMER0_B0
   "OutOfBox_MSP430FR5969.out" COMP_E ==> COMP_E
   "OutOfBox_MSP430FR5969.out" UNMI ==> UNMI
   "OutOfBox_MSP430FR5969.out" SYSNMI ==> SYSNMI
   "OutOfBox_MSP430FR5969.out" .reset ==> .reset
'Finished building: "OutOfBox_MSP430FR5969.out"'
 

**** Build Finished ****
